Mplus VERSION 7.11
MUTHEN & MUTHEN
06/24/2024   3:42 PM

INPUT INSTRUCTIONS

  TITLE: AFC com três fatores sem controle de aquiescência
  DATA:	FILE IS 'data_acq_balanced.txt'; ! Banco de dados

  VARIABLE:
  NAMES ARE ! Aqui inserimos todas as variáveis que o banco possui
  y1-y12
  acq_index;

  USEVARIABLES ARE
  y1-y12; ! Aqui definimos apenas as variáveis que utilizaremos na análise

  CATEGORICAL ARE ALL; ! Declaramos que todas variáveis são categóricas

  ANALYSIS:
  ESTIMATOR = WLSMV;

  MODEL:
  ! Configuramos um modelo confirmatório com três fatores
  F1 BY y1-y4;
  F2 BY y5-y8;
  F3 BY y9-y12;

  OUTPUT: STDYX;




INPUT READING TERMINATED NORMALLY



AFC com três fatores sem controle de aquiescência

SUMMARY OF ANALYSIS

Number of groups                                                 1
Number of observations                                        2000

Number of dependent variables                                   12
Number of independent variables                                  0
Number of continuous latent variables                            3

Observed dependent variables

  Binary and ordered categorical (ordinal)
   Y1          Y2          Y3          Y4          Y5          Y6
   Y7          Y8          Y9          Y10         Y11         Y12

Continuous latent variables
   F1          F2          F3


Estimator                                                    WLSMV
Maximum number of iterations                                  1000
Convergence criterion                                    0.500D-04
Maximum number of steepest descent iterations                   20
Parameterization                                             DELTA

Input data file(s)
  data_acq_balanced.txt

Input data format  FREE


UNIVARIATE PROPORTIONS AND COUNTS FOR CATEGORICAL VARIABLES

    Y1
      Category 1    0.062      123.000
      Category 2    0.242      483.000
      Category 3    0.389      777.000
      Category 4    0.244      488.000
      Category 5    0.064      129.000
    Y2
      Category 1    0.067      134.000
      Category 2    0.249      498.000
      Category 3    0.378      756.000
      Category 4    0.238      477.000
      Category 5    0.068      135.000
    Y3
      Category 1    0.064      127.000
      Category 2    0.231      462.000
      Category 3    0.386      771.000
      Category 4    0.250      500.000
      Category 5    0.070      140.000
    Y4
      Category 1    0.065      131.000
      Category 2    0.249      498.000
      Category 3    0.396      793.000
      Category 4    0.228      455.000
      Category 5    0.062      123.000
    Y5
      Category 1    0.075      151.000
      Category 2    0.220      439.000
      Category 3    0.394      789.000
      Category 4    0.229      458.000
      Category 5    0.082      163.000
    Y6
      Category 1    0.065      131.000
      Category 2    0.234      468.000
      Category 3    0.377      755.000
      Category 4    0.258      516.000
      Category 5    0.065      130.000
    Y7
      Category 1    0.068      135.000
      Category 2    0.235      469.000
      Category 3    0.384      769.000
      Category 4    0.251      502.000
      Category 5    0.062      125.000
    Y8
      Category 1    0.064      129.000
      Category 2    0.239      478.000
      Category 3    0.410      820.000
      Category 4    0.214      429.000
      Category 5    0.072      144.000
    Y9
      Category 1    0.071      141.000
      Category 2    0.245      491.000
      Category 3    0.377      754.000
      Category 4    0.238      476.000
      Category 5    0.069      138.000
    Y10
      Category 1    0.064      128.000
      Category 2    0.245      490.000
      Category 3    0.394      787.000
      Category 4    0.235      469.000
      Category 5    0.063      126.000
    Y11
      Category 1    0.061      122.000
      Category 2    0.245      491.000
      Category 3    0.366      731.000
      Category 4    0.257      513.000
      Category 5    0.072      143.000
    Y12
      Category 1    0.060      121.000
      Category 2    0.249      498.000
      Category 3    0.384      768.000
      Category 4    0.240      479.000
      Category 5    0.067      134.000



THE MODEL ESTIMATION TERMINATED NORMALLY



MODEL FIT INFORMATION

Number of Free Parameters                       63

Chi-Square Test of Model Fit

          Value                           2785.380*
          Degrees of Freedom                    51
          P-Value                           0.0000

*   The chi-square value for MLM, MLMV, MLR, ULSMV, WLSM and WLSMV cannot be used
    for chi-square difference testing in the regular way.  MLM, MLR and WLSM
    chi-square difference testing is described on the Mplus website.  MLMV, WLSMV,
    and ULSMV difference testing is done using the DIFFTEST option.

RMSEA (Root Mean Square Error Of Approximation)

          Estimate                           0.164
          90 Percent C.I.                    0.159  0.169
          Probability RMSEA <= .05           0.000

CFI/TLI

          CFI                                0.549
          TLI                                0.416

Chi-Square Test of Model Fit for the Baseline Model

          Value                           6122.594
          Degrees of Freedom                    66
          P-Value                           0.0000

WRMR (Weighted Root Mean Square Residual)

          Value                              4.987



MODEL RESULTS

                                                    Two-Tailed
                    Estimate       S.E.  Est./S.E.    P-Value

 F1       BY
    Y1                 1.000      0.000    999.000    999.000
    Y2                -1.060      0.061    -17.457      0.000
    Y3                 1.004      0.059     17.108      0.000
    Y4                -1.077      0.061    -17.632      0.000

 F2       BY
    Y5                 1.000      0.000    999.000    999.000
    Y6                -0.970      0.059    -16.309      0.000
    Y7                 1.112      0.066     16.766      0.000
    Y8                -0.959      0.059    -16.384      0.000

 F3       BY
    Y9                 1.000      0.000    999.000    999.000
    Y10               -0.903      0.052    -17.430      0.000
    Y11                1.012      0.054     18.607      0.000
    Y12               -0.899      0.051    -17.534      0.000

 F2       WITH
    F1                 0.115      0.012      9.560      0.000

 F3       WITH
    F1                 0.121      0.013      9.576      0.000
    F2                 0.125      0.013      9.473      0.000

 Thresholds
    Y1$1              -1.542      0.044    -34.867      0.000
    Y1$2              -0.516      0.029    -17.530      0.000
    Y1$3               0.500      0.029     17.047      0.000
    Y1$4               1.518      0.044     34.833      0.000
    Y2$1              -1.499      0.043    -34.793      0.000
    Y2$2              -0.479      0.029    -16.387      0.000
    Y2$3               0.507      0.029     17.267      0.000
    Y2$4               1.495      0.043     34.784      0.000
    Y3$1              -1.526      0.044    -34.846      0.000
    Y3$2              -0.540      0.030    -18.276      0.000
    Y3$3               0.468      0.029     16.035      0.000
    Y3$4               1.476      0.042     34.731      0.000
    Y4$1              -1.510      0.043    -34.819      0.000
    Y4$2              -0.483      0.029    -16.519      0.000
    Y4$3               0.556      0.030     18.757      0.000
    Y4$4               1.542      0.044     34.867      0.000
    Y5$1              -1.436      0.042    -34.584      0.000
    Y5$2              -0.539      0.030    -18.232      0.000
    Y5$3               0.494      0.029     16.871      0.000
    Y5$4               1.395      0.041     34.379      0.000
    Y6$1              -1.510      0.043    -34.819      0.000
    Y6$2              -0.526      0.029    -17.837      0.000
    Y6$3               0.459      0.029     15.770      0.000
    Y6$4               1.514      0.043     34.826      0.000
    Y7$1              -1.495      0.043    -34.784      0.000
    Y7$2              -0.519      0.029    -17.618      0.000
    Y7$3               0.486      0.029     16.607      0.000
    Y7$4               1.534      0.044     34.858      0.000
    Y8$1              -1.518      0.044    -34.833      0.000
    Y8$2              -0.514      0.029    -17.486      0.000
    Y8$3               0.564      0.030     18.975      0.000
    Y8$4               1.461      0.042     34.683      0.000
    Y9$1              -1.472      0.042    -34.720      0.000
    Y9$2              -0.479      0.029    -16.387      0.000
    Y9$3               0.504      0.029     17.179      0.000
    Y9$4               1.483      0.043     34.754      0.000
    Y10$1             -1.522      0.044    -34.840      0.000
    Y10$2             -0.499      0.029    -17.003      0.000
    Y10$3              0.532      0.030     18.013      0.000
    Y10$4              1.530      0.044     34.852      0.000
    Y11$1             -1.546      0.044    -34.871      0.000
    Y11$2             -0.506      0.029    -17.223      0.000
    Y11$3              0.445      0.029     15.329      0.000
    Y11$4              1.465      0.042     34.695      0.000
    Y12$1             -1.551      0.044    -34.874      0.000
    Y12$2             -0.497      0.029    -16.959      0.000
    Y12$3              0.506      0.029     17.223      0.000
    Y12$4              1.499      0.043     34.793      0.000

 Variances
    F1                 0.326      0.026     12.383      0.000
    F2                 0.323      0.027     12.016      0.000
    F3                 0.397      0.029     13.557      0.000


STANDARDIZED MODEL RESULTS


STDYX Standardization

                                                    Two-Tailed
                    Estimate       S.E.  Est./S.E.    P-Value

 F1       BY
    Y1                 0.571      0.023     24.765      0.000
    Y2                -0.605      0.023    -25.819      0.000
    Y3                 0.574      0.024     24.261      0.000
    Y4                -0.615      0.024    -25.962      0.000

 F2       BY
    Y5                 0.568      0.024     24.031      0.000
    Y6                -0.551      0.024    -23.127      0.000
    Y7                 0.632      0.024     26.821      0.000
    Y8                -0.545      0.024    -22.975      0.000

 F3       BY
    Y9                 0.630      0.023     27.115      0.000
    Y10               -0.568      0.023    -24.360      0.000
    Y11                0.638      0.022     28.892      0.000
    Y12               -0.566      0.023    -24.498      0.000

 F2       WITH
    F1                 0.355      0.030     11.687      0.000

 F3       WITH
    F1                 0.335      0.030     11.017      0.000
    F2                 0.350      0.031     11.272      0.000

 Thresholds
    Y1$1              -1.542      0.044    -34.867      0.000
    Y1$2              -0.516      0.029    -17.530      0.000
    Y1$3               0.500      0.029     17.047      0.000
    Y1$4               1.518      0.044     34.833      0.000
    Y2$1              -1.499      0.043    -34.793      0.000
    Y2$2              -0.479      0.029    -16.387      0.000
    Y2$3               0.507      0.029     17.267      0.000
    Y2$4               1.495      0.043     34.784      0.000
    Y3$1              -1.526      0.044    -34.846      0.000
    Y3$2              -0.540      0.030    -18.276      0.000
    Y3$3               0.468      0.029     16.035      0.000
    Y3$4               1.476      0.042     34.731      0.000
    Y4$1              -1.510      0.043    -34.819      0.000
    Y4$2              -0.483      0.029    -16.519      0.000
    Y4$3               0.556      0.030     18.757      0.000
    Y4$4               1.542      0.044     34.867      0.000
    Y5$1              -1.436      0.042    -34.584      0.000
    Y5$2              -0.539      0.030    -18.232      0.000
    Y5$3               0.494      0.029     16.871      0.000
    Y5$4               1.395      0.041     34.379      0.000
    Y6$1              -1.510      0.043    -34.819      0.000
    Y6$2              -0.526      0.029    -17.837      0.000
    Y6$3               0.459      0.029     15.770      0.000
    Y6$4               1.514      0.043     34.826      0.000
    Y7$1              -1.495      0.043    -34.784      0.000
    Y7$2              -0.519      0.029    -17.618      0.000
    Y7$3               0.486      0.029     16.607      0.000
    Y7$4               1.534      0.044     34.858      0.000
    Y8$1              -1.518      0.044    -34.833      0.000
    Y8$2              -0.514      0.029    -17.486      0.000
    Y8$3               0.564      0.030     18.975      0.000
    Y8$4               1.461      0.042     34.683      0.000
    Y9$1              -1.472      0.042    -34.720      0.000
    Y9$2              -0.479      0.029    -16.387      0.000
    Y9$3               0.504      0.029     17.179      0.000
    Y9$4               1.483      0.043     34.754      0.000
    Y10$1             -1.522      0.044    -34.840      0.000
    Y10$2             -0.499      0.029    -17.003      0.000
    Y10$3              0.532      0.030     18.013      0.000
    Y10$4              1.530      0.044     34.852      0.000
    Y11$1             -1.546      0.044    -34.871      0.000
    Y11$2             -0.506      0.029    -17.223      0.000
    Y11$3              0.445      0.029     15.329      0.000
    Y11$4              1.465      0.042     34.695      0.000
    Y12$1             -1.551      0.044    -34.874      0.000
    Y12$2             -0.497      0.029    -16.959      0.000
    Y12$3              0.506      0.029     17.223      0.000
    Y12$4              1.499      0.043     34.793      0.000

 Variances
    F1                 1.000      0.000    999.000    999.000
    F2                 1.000      0.000    999.000    999.000
    F3                 1.000      0.000    999.000    999.000


R-SQUARE

    Observed                                        Two-Tailed   Residual
    Variable        Estimate       S.E.  Est./S.E.    P-Value    Variance

    Y1                 0.326      0.026     12.383      0.000      0.674
    Y2                 0.366      0.028     12.910      0.000      0.634
    Y3                 0.329      0.027     12.131      0.000      0.671
    Y4                 0.379      0.029     12.981      0.000      0.621
    Y5                 0.323      0.027     12.016      0.000      0.677
    Y6                 0.304      0.026     11.563      0.000      0.696
    Y7                 0.399      0.030     13.410      0.000      0.601
    Y8                 0.297      0.026     11.488      0.000      0.703
    Y9                 0.397      0.029     13.557      0.000      0.603
    Y10                0.323      0.027     12.180      0.000      0.677
    Y11                0.406      0.028     14.446      0.000      0.594
    Y12                0.320      0.026     12.249      0.000      0.680


QUALITY OF NUMERICAL RESULTS

     Condition Number for the Information Matrix              0.465E-02
       (ratio of smallest to largest eigenvalue)


DIAGRAM INFORMATION

  Use View Diagram under the Diagram menu in the Mplus Editor to view the diagram.
  If running Mplus from the Mplus Diagrammer, the diagram opens automatically.

  Diagram output
    c:\users\lepes_20\onedrive\cbpad_curso_aquiescencia\mplus\cfa_3ft_semvies.dgm

     Beginning Time:  15:42:54
        Ending Time:  15:42:55
       Elapsed Time:  00:00:01



MUTHEN & MUTHEN
3463 Stoner Ave.
Los Angeles, CA  90066

Tel: (310) 391-9971
Fax: (310) 391-8971
Web: www.StatModel.com
Support: Support@StatModel.com

Copyright (c) 1998-2013 Muthen & Muthen
