Mplus VERSION 7.11
MUTHEN & MUTHEN
06/24/2024   3:42 PM

INPUT INSTRUCTIONS

  TITLE: AFE com três fatores e modelo de interceptos randômicos
  DATA:	FILE IS 'data_acq_balanced.txt'; ! Banco de dados

  VARIABLE:
  NAMES ARE ! Aqui inserimos todas as variáveis que o banco possui
  y1-y12
  acq_index;

  USEVARIABLES ARE
  y1-y12; ! Aqui definimos apenas as variáveis que utilizaremos na análise

  CATEGORICAL ARE ALL; ! Declaramos que todas variáveis são categóricas

  ANALYSIS:
  ESTIMATOR = WLSMV;
  ROTATION = GEOMIN; ! Utilizamos uma rotação oblíqua

  MODEL:
  FRAND BY y1-y12@1; ! Fixamos todas as cargas do fator de intercepto em 1
  FRAND*; ! Liberamos a variância do fator de intercepto para ser estimada

  ! Configuramos um modelo exploratório com três fatores de conteúdo
  F1-F3 BY y1-y12 (*1);
  ! O comando (*1) diz ao Mplus que queremos realizar uma ESEM
  ! Nesse caso, a variância dos fatores é fixa em 1 e as cargas são liberadas para serem est

  ! Correlação entre os fatores de conteúdo e os fatores específicos é fixa em 0
  F1-F3 WITH FRAND@0;

  OUTPUT: STDYX;




*** WARNING
  Input line exceeded 90 characters. Some input may be truncated.
  ! Nesse caso, a variância dos fatores é fixa em 1 e as cargas são liberadas para serem esti
   1 WARNING(S) FOUND IN THE INPUT INSTRUCTIONS



AFE com três fatores e modelo de interceptos randômicos

SUMMARY OF ANALYSIS

Number of groups                                                 1
Number of observations                                        2000

Number of dependent variables                                   12
Number of independent variables                                  0
Number of continuous latent variables                            4

Observed dependent variables

  Binary and ordered categorical (ordinal)
   Y1          Y2          Y3          Y4          Y5          Y6
   Y7          Y8          Y9          Y10         Y11         Y12

Continuous latent variables
   FRAND

  EFA factors
  *1:   F1          F2          F3


Estimator                                                    WLSMV
Rotation                                                    GEOMIN
Row standardization                                    CORRELATION
Type of rotation                                           OBLIQUE
Epsilon value                                               Varies
Maximum number of iterations                                  1000
Convergence criterion                                    0.500D-04
Maximum number of steepest descent iterations                   20
Optimization Specifications for the Exploratory Factor Analysis
Rotation Algorithm
  Number of random starts                                       30
  Maximum number of iterations                               10000
  Derivative convergence criterion                       0.100D-04
Parameterization                                             DELTA

Input data file(s)
  data_acq_balanced.txt

Input data format  FREE


UNIVARIATE PROPORTIONS AND COUNTS FOR CATEGORICAL VARIABLES

    Y1
      Category 1    0.062      123.000
      Category 2    0.242      483.000
      Category 3    0.389      777.000
      Category 4    0.244      488.000
      Category 5    0.064      129.000
    Y2
      Category 1    0.067      134.000
      Category 2    0.249      498.000
      Category 3    0.378      756.000
      Category 4    0.238      477.000
      Category 5    0.068      135.000
    Y3
      Category 1    0.064      127.000
      Category 2    0.231      462.000
      Category 3    0.386      771.000
      Category 4    0.250      500.000
      Category 5    0.070      140.000
    Y4
      Category 1    0.065      131.000
      Category 2    0.249      498.000
      Category 3    0.396      793.000
      Category 4    0.228      455.000
      Category 5    0.062      123.000
    Y5
      Category 1    0.075      151.000
      Category 2    0.220      439.000
      Category 3    0.394      789.000
      Category 4    0.229      458.000
      Category 5    0.082      163.000
    Y6
      Category 1    0.065      131.000
      Category 2    0.234      468.000
      Category 3    0.377      755.000
      Category 4    0.258      516.000
      Category 5    0.065      130.000
    Y7
      Category 1    0.068      135.000
      Category 2    0.235      469.000
      Category 3    0.384      769.000
      Category 4    0.251      502.000
      Category 5    0.062      125.000
    Y8
      Category 1    0.064      129.000
      Category 2    0.239      478.000
      Category 3    0.410      820.000
      Category 4    0.214      429.000
      Category 5    0.072      144.000
    Y9
      Category 1    0.071      141.000
      Category 2    0.245      491.000
      Category 3    0.377      754.000
      Category 4    0.238      476.000
      Category 5    0.069      138.000
    Y10
      Category 1    0.064      128.000
      Category 2    0.245      490.000
      Category 3    0.394      787.000
      Category 4    0.235      469.000
      Category 5    0.063      126.000
    Y11
      Category 1    0.061      122.000
      Category 2    0.245      491.000
      Category 3    0.366      731.000
      Category 4    0.257      513.000
      Category 5    0.072      143.000
    Y12
      Category 1    0.060      121.000
      Category 2    0.249      498.000
      Category 3    0.384      768.000
      Category 4    0.240      479.000
      Category 5    0.067      134.000



THE MODEL ESTIMATION TERMINATED NORMALLY



MODEL FIT INFORMATION

Number of Free Parameters                       82

Chi-Square Test of Model Fit

          Value                             25.721*
          Degrees of Freedom                    32
          P-Value                           0.7758

*   The chi-square value for MLM, MLMV, MLR, ULSMV, WLSM and WLSMV cannot be used
    for chi-square difference testing in the regular way.  MLM, MLR and WLSM
    chi-square difference testing is described on the Mplus website.  MLMV, WLSMV,
    and ULSMV difference testing is done using the DIFFTEST option.

RMSEA (Root Mean Square Error Of Approximation)

          Estimate                           0.000
          90 Percent C.I.                    0.000  0.012
          Probability RMSEA <= .05           1.000

CFI/TLI

          CFI                                1.000
          TLI                                1.002

Chi-Square Test of Model Fit for the Baseline Model

          Value                           6122.594
          Degrees of Freedom                    66
          P-Value                           0.0000

WRMR (Weighted Root Mean Square Residual)

          Value                              0.313



MODEL RESULTS

                                                    Two-Tailed
                    Estimate       S.E.  Est./S.E.    P-Value

 FRAND    BY
    Y1                 1.000      0.000    999.000    999.000
    Y2                 1.000      0.000    999.000    999.000
    Y3                 1.000      0.000    999.000    999.000
    Y4                 1.000      0.000    999.000    999.000
    Y5                 1.000      0.000    999.000    999.000
    Y6                 1.000      0.000    999.000    999.000
    Y7                 1.000      0.000    999.000    999.000
    Y8                 1.000      0.000    999.000    999.000
    Y9                 1.000      0.000    999.000    999.000
    Y10                1.000      0.000    999.000    999.000
    Y11                1.000      0.000    999.000    999.000
    Y12                1.000      0.000    999.000    999.000

 F1       BY
    Y1                 0.603      0.025     23.778      0.000
    Y2                -0.594      0.027    -22.393      0.000
    Y3                 0.571      0.026     22.286      0.000
    Y4                -0.639      0.025    -25.191      0.000
    Y5                 0.021      0.026      0.801      0.423
    Y6                 0.001      0.022      0.053      0.957
    Y7                -0.007      0.021     -0.307      0.759
    Y8                 0.000      0.022      0.014      0.989
    Y9                -0.005      0.017     -0.279      0.780
    Y10                0.029      0.026      1.110      0.267
    Y11                0.076      0.030      2.565      0.010
    Y12               -0.009      0.023     -0.417      0.677

 F2       BY
    Y1                 0.025      0.027      0.916      0.360
    Y2                 0.026      0.025      1.059      0.290
    Y3                -0.023      0.026     -0.879      0.380
    Y4                -0.005      0.016     -0.327      0.744
    Y5                -0.571      0.027    -20.907      0.000
    Y6                 0.575      0.025     22.678      0.000
    Y7                -0.632      0.027    -23.760      0.000
    Y8                 0.584      0.025     23.033      0.000
    Y9                -0.026      0.028     -0.906      0.365
    Y10                0.047      0.029      1.640      0.101
    Y11                0.036      0.027      1.366      0.172
    Y12               -0.001      0.015     -0.046      0.963

 F3       BY
    Y1                 0.007      0.022      0.301      0.763
    Y2                -0.008      0.021     -0.380      0.704
    Y3                -0.006      0.022     -0.279      0.780
    Y4                 0.006      0.021      0.263      0.793
    Y5                -0.027      0.025     -1.060      0.289
    Y6                -0.017      0.021     -0.790      0.430
    Y7                 0.020      0.023      0.863      0.388
    Y8                 0.008      0.018      0.432      0.666
    Y9                 0.630      0.025     24.774      0.000
    Y10               -0.589      0.026    -22.318      0.000
    Y11                0.618      0.027     22.762      0.000
    Y12               -0.588      0.024    -24.432      0.000

 F1       WITH
    FRAND              0.000      0.000    999.000    999.000

 F2       WITH
    FRAND              0.000      0.000    999.000    999.000
    F1                -0.301      0.031     -9.812      0.000

 F3       WITH
    FRAND              0.000      0.000    999.000    999.000
    F1                 0.268      0.036      7.378      0.000
    F2                -0.280      0.037     -7.607      0.000

 Thresholds
    Y1$1              -1.542      0.044    -34.867      0.000
    Y1$2              -0.516      0.029    -17.530      0.000
    Y1$3               0.500      0.029     17.047      0.000
    Y1$4               1.518      0.044     34.833      0.000
    Y2$1              -1.499      0.043    -34.793      0.000
    Y2$2              -0.479      0.029    -16.387      0.000
    Y2$3               0.507      0.029     17.267      0.000
    Y2$4               1.495      0.043     34.784      0.000
    Y3$1              -1.526      0.044    -34.846      0.000
    Y3$2              -0.540      0.030    -18.276      0.000
    Y3$3               0.468      0.029     16.035      0.000
    Y3$4               1.476      0.042     34.731      0.000
    Y4$1              -1.510      0.043    -34.819      0.000
    Y4$2              -0.483      0.029    -16.519      0.000
    Y4$3               0.556      0.030     18.757      0.000
    Y4$4               1.542      0.044     34.867      0.000
    Y5$1              -1.436      0.042    -34.584      0.000
    Y5$2              -0.539      0.030    -18.232      0.000
    Y5$3               0.494      0.029     16.871      0.000
    Y5$4               1.395      0.041     34.379      0.000
    Y6$1              -1.510      0.043    -34.819      0.000
    Y6$2              -0.526      0.029    -17.837      0.000
    Y6$3               0.459      0.029     15.770      0.000
    Y6$4               1.514      0.043     34.826      0.000
    Y7$1              -1.495      0.043    -34.784      0.000
    Y7$2              -0.519      0.029    -17.618      0.000
    Y7$3               0.486      0.029     16.607      0.000
    Y7$4               1.534      0.044     34.858      0.000
    Y8$1              -1.518      0.044    -34.833      0.000
    Y8$2              -0.514      0.029    -17.486      0.000
    Y8$3               0.564      0.030     18.975      0.000
    Y8$4               1.461      0.042     34.683      0.000
    Y9$1              -1.472      0.042    -34.720      0.000
    Y9$2              -0.479      0.029    -16.387      0.000
    Y9$3               0.504      0.029     17.179      0.000
    Y9$4               1.483      0.043     34.754      0.000
    Y10$1             -1.522      0.044    -34.840      0.000
    Y10$2             -0.499      0.029    -17.003      0.000
    Y10$3              0.532      0.030     18.013      0.000
    Y10$4              1.530      0.044     34.852      0.000
    Y11$1             -1.546      0.044    -34.871      0.000
    Y11$2             -0.506      0.029    -17.223      0.000
    Y11$3              0.445      0.029     15.329      0.000
    Y11$4              1.465      0.042     34.695      0.000
    Y12$1             -1.551      0.044    -34.874      0.000
    Y12$2             -0.497      0.029    -16.959      0.000
    Y12$3              0.506      0.029     17.223      0.000
    Y12$4              1.499      0.043     34.793      0.000

 Variances
    FRAND              0.151      0.006     26.280      0.000
    F1                 1.000      0.000    999.000    999.000
    F2                 1.000      0.000    999.000    999.000
    F3                 1.000      0.000    999.000    999.000


STANDARDIZED MODEL RESULTS


STDYX Standardization

                                                    Two-Tailed
                    Estimate       S.E.  Est./S.E.    P-Value

 FRAND    BY
    Y1                 0.388      0.007     52.561      0.000
    Y2                 0.388      0.007     52.561      0.000
    Y3                 0.388      0.007     52.561      0.000
    Y4                 0.388      0.007     52.561      0.000
    Y5                 0.388      0.007     52.561      0.000
    Y6                 0.388      0.007     52.561      0.000
    Y7                 0.388      0.007     52.561      0.000
    Y8                 0.388      0.007     52.561      0.000
    Y9                 0.388      0.007     52.561      0.000
    Y10                0.388      0.007     52.561      0.000
    Y11                0.388      0.007     52.561      0.000
    Y12                0.388      0.007     52.561      0.000

 F1       BY
    Y1                 0.603      0.025     23.778      0.000
    Y2                -0.594      0.027    -22.393      0.000
    Y3                 0.571      0.026     22.286      0.000
    Y4                -0.639      0.025    -25.191      0.000
    Y5                 0.021      0.026      0.801      0.423
    Y6                 0.001      0.022      0.053      0.957
    Y7                -0.007      0.021     -0.307      0.759
    Y8                 0.000      0.022      0.014      0.989
    Y9                -0.005      0.017     -0.279      0.780
    Y10                0.029      0.026      1.110      0.267
    Y11                0.076      0.030      2.565      0.010
    Y12               -0.009      0.023     -0.417      0.677

 F2       BY
    Y1                 0.025      0.027      0.916      0.360
    Y2                 0.026      0.025      1.059      0.290
    Y3                -0.023      0.026     -0.879      0.380
    Y4                -0.005      0.016     -0.327      0.744
    Y5                -0.571      0.027    -20.907      0.000
    Y6                 0.575      0.025     22.678      0.000
    Y7                -0.632      0.027    -23.760      0.000
    Y8                 0.584      0.025     23.033      0.000
    Y9                -0.026      0.028     -0.906      0.365
    Y10                0.047      0.029      1.640      0.101
    Y11                0.036      0.027      1.366      0.172
    Y12               -0.001      0.015     -0.046      0.963

 F3       BY
    Y1                 0.007      0.022      0.301      0.763
    Y2                -0.008      0.021     -0.380      0.704
    Y3                -0.006      0.022     -0.279      0.780
    Y4                 0.006      0.021      0.263      0.793
    Y5                -0.027      0.025     -1.060      0.289
    Y6                -0.017      0.021     -0.790      0.430
    Y7                 0.020      0.023      0.863      0.388
    Y8                 0.008      0.018      0.432      0.666
    Y9                 0.630      0.025     24.774      0.000
    Y10               -0.589      0.026    -22.318      0.000
    Y11                0.618      0.027     22.762      0.000
    Y12               -0.588      0.024    -24.432      0.000

 F1       WITH
    FRAND              0.000      0.000    999.000    999.000

 F2       WITH
    FRAND              0.000      0.000    999.000    999.000
    F1                -0.301      0.031     -9.812      0.000

 F3       WITH
    FRAND              0.000      0.000    999.000    999.000
    F1                 0.268      0.036      7.378      0.000
    F2                -0.280      0.037     -7.607      0.000

 Thresholds
    Y1$1              -1.542      0.044    -34.867      0.000
    Y1$2              -0.516      0.029    -17.530      0.000
    Y1$3               0.500      0.029     17.047      0.000
    Y1$4               1.518      0.044     34.833      0.000
    Y2$1              -1.499      0.043    -34.793      0.000
    Y2$2              -0.479      0.029    -16.387      0.000
    Y2$3               0.507      0.029     17.267      0.000
    Y2$4               1.495      0.043     34.784      0.000
    Y3$1              -1.526      0.044    -34.846      0.000
    Y3$2              -0.540      0.030    -18.276      0.000
    Y3$3               0.468      0.029     16.035      0.000
    Y3$4               1.476      0.042     34.731      0.000
    Y4$1              -1.510      0.043    -34.819      0.000
    Y4$2              -0.483      0.029    -16.519      0.000
    Y4$3               0.556      0.030     18.757      0.000
    Y4$4               1.542      0.044     34.867      0.000
    Y5$1              -1.436      0.042    -34.584      0.000
    Y5$2              -0.539      0.030    -18.232      0.000
    Y5$3               0.494      0.029     16.871      0.000
    Y5$4               1.395      0.041     34.379      0.000
    Y6$1              -1.510      0.043    -34.819      0.000
    Y6$2              -0.526      0.029    -17.837      0.000
    Y6$3               0.459      0.029     15.770      0.000
    Y6$4               1.514      0.043     34.826      0.000
    Y7$1              -1.495      0.043    -34.784      0.000
    Y7$2              -0.519      0.029    -17.618      0.000
    Y7$3               0.486      0.029     16.607      0.000
    Y7$4               1.534      0.044     34.858      0.000
    Y8$1              -1.518      0.044    -34.833      0.000
    Y8$2              -0.514      0.029    -17.486      0.000
    Y8$3               0.564      0.030     18.975      0.000
    Y8$4               1.461      0.042     34.683      0.000
    Y9$1              -1.472      0.042    -34.720      0.000
    Y9$2              -0.479      0.029    -16.387      0.000
    Y9$3               0.504      0.029     17.179      0.000
    Y9$4               1.483      0.043     34.754      0.000
    Y10$1             -1.522      0.044    -34.840      0.000
    Y10$2             -0.499      0.029    -17.003      0.000
    Y10$3              0.532      0.030     18.013      0.000
    Y10$4              1.530      0.044     34.852      0.000
    Y11$1             -1.546      0.044    -34.871      0.000
    Y11$2             -0.506      0.029    -17.223      0.000
    Y11$3              0.445      0.029     15.329      0.000
    Y11$4              1.465      0.042     34.695      0.000
    Y12$1             -1.551      0.044    -34.874      0.000
    Y12$2             -0.497      0.029    -16.959      0.000
    Y12$3              0.506      0.029     17.223      0.000
    Y12$4              1.499      0.043     34.793      0.000

 Variances
    FRAND              1.000      0.000    999.000    999.000
    F1                 1.000      0.000    999.000    999.000
    F2                 1.000      0.000    999.000    999.000
    F3                 1.000      0.000    999.000    999.000


R-SQUARE

    Observed                                        Two-Tailed   Residual
    Variable        Estimate       S.E.  Est./S.E.    P-Value    Variance

    Y1                 0.508      0.027     18.865      0.000      0.492
    Y2                 0.516      0.028     18.707      0.000      0.484
    Y3                 0.483      0.026     18.595      0.000      0.517
    Y4                 0.555      0.030     18.746      0.000      0.445
    Y5                 0.476      0.027     17.954      0.000      0.524
    Y6                 0.486      0.026     18.633      0.000      0.514
    Y7                 0.555      0.029     18.842      0.000      0.445
    Y8                 0.489      0.027     18.411      0.000      0.511
    Y9                 0.555      0.029     19.332      0.000      0.445
    Y10                0.507      0.027     19.064      0.000      0.493
    Y11                0.550      0.028     19.674      0.000      0.450
    Y12                0.499      0.027     18.783      0.000      0.501


QUALITY OF NUMERICAL RESULTS

     Condition Number for the Information Matrix              0.735E-05
       (ratio of smallest to largest eigenvalue)


DIAGRAM INFORMATION

  Use View Diagram under the Diagram menu in the Mplus Editor to view the diagram.
  If running Mplus from the Mplus Diagrammer, the diagram opens automatically.

  Diagram output
    c:\users\lepes_20\onedrive\cbpad_curso_aquiescencia\mplus\efa_interceptorand_3ft.dgm

     Beginning Time:  15:42:27
        Ending Time:  15:42:28
       Elapsed Time:  00:00:01



MUTHEN & MUTHEN
3463 Stoner Ave.
Los Angeles, CA  90066

Tel: (310) 391-9971
Fax: (310) 391-8971
Web: www.StatModel.com
Support: Support@StatModel.com

Copyright (c) 1998-2013 Muthen & Muthen
