Mplus VERSION 7.11
MUTHEN & MUTHEN
06/25/2024   1:02 AM

INPUT INSTRUCTIONS

  TITLE: Graded Response Model (GRM) com dois fatores e interceptos randômicos (RI-MIRT)
  DATA: FILE IS 'data_acq_balanced_mirt.txt'; ! Banco de dados

  VARIABLE:
  NAMES ARE ! Aqui inserimos todas as variáveis que o banco possui
  y1-y12;

  USEVARIABLES ARE
  y1-y12; ! Aqui definimos apenas as variáveis que utilizaremos na análise

  CATEGORICAL ARE ALL; ! Declaramos que todas variáveis são categóricas

  ANALYSIS:
  ESTIMATOR = MLR; ! Estimador Maximum Likelihood Robust e métrica logit
  TOLERANCE = .001;

  MODEL:
  FRAND BY y1-y12@1; ! Fixamos todas as cargas do fator de intercepto em 1
  FRAND*; ! Liberamos a variância do fator de intercepto para ser estimada

  ! Estimamos dois fatores de conteúdo
  F1 BY y1*1 y2*-1 y3*1 y4*-1 y5*1 y6*-1;  ! Os "priors" (exemplo: y1*1) na frente das variá
  F2 BY y7*1 y8*-1 y9*1 y10*-1 y11*1 y12*-1;
  ! No item y1, definimos que a carga deve começar a ser estimada a partir do valor 1 (y1*1)
  ! No item y2, definimos que a carga deve começar a ser estimada a partir do valor -1  (y2*
  ! Priors podem ajudar o modelo a convergir com mais facilidade

  F1-F2@1; ! Como liberamos as cargas para serem estimadas, fixamos a variância dos fatores

  FRAND WITH F1-F2@0; ! Fator de interceptos randômicos e os fatores de conteúdo não correla

    PLOT: TYPE IS PLOT1; ! PLOT1 apresenta as descritivas da amostra
          TYPE IS PLOT2; ! PLOT2 fornece as curvas da TRI
          TYPE IS PLOT3; ! PLOT3 fornece as descritivas para os thetas

  OUTPUT: STDYX;



*** WARNING
  Input line exceeded 90 characters. Some input may be truncated.
  F1 BY y1*1 y2*-1 y3*1 y4*-1 y5*1 y6*-1;  ! Os "priors" (exemplo: y1*1) na frente das variáv
*** WARNING
  Input line exceeded 90 characters. Some input may be truncated.
  ! No item y2, definimos que a carga deve começar a ser estimada a partir do valor -1  (y2*-
*** WARNING
  Input line exceeded 90 characters. Some input may be truncated.
  F1-F2@1; ! Como liberamos as cargas para serem estimadas, fixamos a variância dos fatores e
*** WARNING
  Input line exceeded 90 characters. Some input may be truncated.
  FRAND WITH F1-F2@0; ! Fator de interceptos randômicos e os fatores de conteúdo não correlac
*** WARNING in ANALYSIS command
  The TOLERANCE option is not available with this analysis.
  TOLERANCE will be ignored.
  This option is only available with ALIGNMENT=FIXED or ALIGNMENT=FREE.
   5 WARNING(S) FOUND IN THE INPUT INSTRUCTIONS



Graded Response Model (GRM) com dois fatores e interceptos randômicos (RI-MIRT)

SUMMARY OF ANALYSIS

Number of groups                                                 1
Number of observations                                        2000

Number of dependent variables                                   12
Number of independent variables                                  0
Number of continuous latent variables                            3

Observed dependent variables

  Binary and ordered categorical (ordinal)
   Y1          Y2          Y3          Y4          Y5          Y6
   Y7          Y8          Y9          Y10         Y11         Y12

Continuous latent variables
   FRAND       F1          F2


Estimator                                                      MLR
Information matrix                                        OBSERVED
Optimization Specifications for the Quasi-Newton Algorithm for
Continuous Outcomes
  Maximum number of iterations                                 100
  Convergence criterion                                  0.100D-05
Optimization Specifications for the EM Algorithm
  Maximum number of iterations                                 500
  Convergence criteria
    Loglikelihood change                                 0.100D-02
    Relative loglikelihood change                        0.100D-05
    Derivative                                           0.100D-02
Optimization Specifications for the M step of the EM Algorithm for
Categorical Latent variables
  Number of M step iterations                                    1
  M step convergence criterion                           0.100D-02
  Basis for M step termination                           ITERATION
Optimization Specifications for the M step of the EM Algorithm for
Censored, Binary or Ordered Categorical (Ordinal), Unordered
Categorical (Nominal) and Count Outcomes
  Number of M step iterations                                    1
  M step convergence criterion                           0.100D-02
  Basis for M step termination                           ITERATION
  Maximum value for logit thresholds                            15
  Minimum value for logit thresholds                           -15
  Minimum expected cell size for chi-square              0.100D-01
Optimization algorithm                                         EMA
Integration Specifications
  Type                                                    STANDARD
  Number of integration points                                  15
  Dimensions of numerical integration                            3
  Adaptive quadrature                                           ON
Link                                                         LOGIT
Cholesky                                                        ON

Input data file(s)
  data_acq_balanced_mirt.txt
Input data format  FREE


UNIVARIATE PROPORTIONS AND COUNTS FOR CATEGORICAL VARIABLES

    Y1
      Category 1    0.064      129.000
      Category 2    0.228      457.000
      Category 3    0.396      792.000
      Category 4    0.241      481.000
      Category 5    0.071      141.000
    Y2
      Category 1    0.065      130.000
      Category 2    0.249      498.000
      Category 3    0.390      780.000
      Category 4    0.237      474.000
      Category 5    0.059      118.000
    Y3
      Category 1    0.065      130.000
      Category 2    0.234      467.000
      Category 3    0.387      774.000
      Category 4    0.243      485.000
      Category 5    0.072      144.000
    Y4
      Category 1    0.059      118.000
      Category 2    0.243      486.000
      Category 3    0.403      806.000
      Category 4    0.235      471.000
      Category 5    0.060      119.000
    Y5
      Category 1    0.062      124.000
      Category 2    0.243      486.000
      Category 3    0.391      783.000
      Category 4    0.238      477.000
      Category 5    0.065      130.000
    Y6
      Category 1    0.076      153.000
      Category 2    0.234      468.000
      Category 3    0.388      776.000
      Category 4    0.230      460.000
      Category 5    0.072      143.000
    Y7
      Category 1    0.065      131.000
      Category 2    0.247      494.000
      Category 3    0.380      760.000
      Category 4    0.232      464.000
      Category 5    0.075      151.000
    Y8
      Category 1    0.065      131.000
      Category 2    0.245      490.000
      Category 3    0.371      742.000
      Category 4    0.245      490.000
      Category 5    0.073      147.000
    Y9
      Category 1    0.058      116.000
      Category 2    0.240      479.000
      Category 3    0.387      775.000
      Category 4    0.242      484.000
      Category 5    0.073      146.000
    Y10
      Category 1    0.063      126.000
      Category 2    0.244      489.000
      Category 3    0.385      770.000
      Category 4    0.237      475.000
      Category 5    0.070      140.000
    Y11
      Category 1    0.071      142.000
      Category 2    0.234      467.000
      Category 3    0.368      736.000
      Category 4    0.255      510.000
      Category 5    0.072      145.000
    Y12
      Category 1    0.066      132.000
      Category 2    0.247      493.000
      Category 3    0.382      763.000
      Category 4    0.242      483.000
      Category 5    0.064      129.000



THE MODEL ESTIMATION TERMINATED NORMALLY

     THE CHI-SQUARE TEST IS NOT COMPUTED BECAUSE THE FREQUENCY TABLE FOR THE
     LATENT CLASS INDICATOR MODEL PART IS TOO LARGE.




MODEL FIT INFORMATION

Number of Free Parameters                       62

Loglikelihood

          H0 Value                      -30837.986
          H0 Scaling Correction Factor      0.9992
            for MLR

Information Criteria

          Akaike (AIC)                   61799.971
          Bayesian (BIC)                 62147.227
          Sample-Size Adjusted BIC       61950.250
            (n* = (n + 2) / 24)



MODEL RESULTS

                                                    Two-Tailed
                    Estimate       S.E.  Est./S.E.    P-Value

 FRAND    BY
    Y1                 1.000      0.000    999.000    999.000
    Y2                 1.000      0.000    999.000    999.000
    Y3                 1.000      0.000    999.000    999.000
    Y4                 1.000      0.000    999.000    999.000
    Y5                 1.000      0.000    999.000    999.000
    Y6                 1.000      0.000    999.000    999.000
    Y7                 1.000      0.000    999.000    999.000
    Y8                 1.000      0.000    999.000    999.000
    Y9                 1.000      0.000    999.000    999.000
    Y10                1.000      0.000    999.000    999.000
    Y11                1.000      0.000    999.000    999.000
    Y12                1.000      0.000    999.000    999.000

 F1       BY
    Y1                 1.436      0.073     19.558      0.000
    Y2                -1.579      0.077    -20.428      0.000
    Y3                 1.548      0.078     19.957      0.000
    Y4                -1.509      0.072    -20.978      0.000
    Y5                 1.557      0.075     20.630      0.000
    Y6                -1.655      0.080    -20.623      0.000

 F2       BY
    Y7                 1.459      0.071     20.690      0.000
    Y8                -1.529      0.075    -20.398      0.000
    Y9                 1.562      0.076     20.676      0.000
    Y10               -1.533      0.073    -21.145      0.000
    Y11                1.491      0.075     19.903      0.000
    Y12               -1.507      0.076    -19.931      0.000

 FRAND    WITH
    F1                 0.000      0.000    999.000    999.000
    F2                 0.000      0.000    999.000    999.000

 F2       WITH
    F1                 0.192      0.028      6.948      0.000

 Thresholds
    Y1$1              -3.794      0.125    -30.433      0.000
    Y1$2              -1.321      0.075    -17.610      0.000
    Y1$3               1.190      0.073     16.256      0.000
    Y1$4               3.660      0.117     31.365      0.000
    Y2$1              -3.878      0.125    -31.139      0.000
    Y2$2              -1.216      0.076    -16.102      0.000
    Y2$3               1.351      0.078     17.401      0.000
    Y2$4               4.036      0.136     29.784      0.000
    Y3$1              -3.893      0.126    -30.841      0.000
    Y3$2              -1.317      0.077    -17.120      0.000
    Y3$3               1.192      0.075     15.896      0.000
    Y3$4               3.731      0.122     30.551      0.000
    Y4$1              -3.966      0.126    -31.479      0.000
    Y4$2              -1.293      0.075    -17.271      0.000
    Y4$3               1.320      0.075     17.639      0.000
    Y4$4               3.976      0.125     31.701      0.000
    Y5$1              -3.977      0.129    -30.729      0.000
    Y5$2              -1.275      0.075    -16.886      0.000
    Y5$3               1.296      0.077     16.896      0.000
    Y5$4               3.895      0.128     30.465      0.000
    Y6$1              -3.723      0.123    -30.334      0.000
    Y6$2              -1.266      0.078    -16.250      0.000
    Y6$3               1.332      0.079     16.962      0.000
    Y6$4               3.838      0.129     29.692      0.000
    Y7$1              -3.824      0.123    -31.127      0.000
    Y7$2              -1.206      0.073    -16.424      0.000
    Y7$3               1.250      0.075     16.771      0.000
    Y7$4               3.622      0.116     31.232      0.000
    Y8$1              -3.830      0.123    -31.120      0.000
    Y8$2              -1.205      0.074    -16.198      0.000
    Y8$3               1.170      0.075     15.658      0.000
    Y8$4               3.677      0.121     30.427      0.000
    Y9$1              -4.067      0.132    -30.930      0.000
    Y9$2              -1.347      0.077    -17.427      0.000
    Y9$3               1.235      0.077     16.126      0.000
    Y9$4               3.765      0.127     29.651      0.000
    Y10$1             -3.905      0.127    -30.786      0.000
    Y10$2             -1.255      0.075    -16.777      0.000
    Y10$3              1.248      0.075     16.629      0.000
    Y10$4              3.745      0.121     31.081      0.000
    Y11$1             -3.720      0.118    -31.449      0.000
    Y11$2             -1.271      0.075    -17.041      0.000
    Y11$3              1.110      0.074     15.067      0.000
    Y11$4              3.709      0.120     30.867      0.000
    Y12$1             -3.814      0.121    -31.520      0.000
    Y12$2             -1.206      0.074    -16.352      0.000
    Y12$3              1.239      0.074     16.647      0.000
    Y12$4              3.828      0.123     31.244      0.000

 Variances
    FRAND              1.026      0.046     22.170      0.000
    F1                 1.000      0.000    999.000    999.000
    F2                 1.000      0.000    999.000    999.000


STANDARDIZED MODEL RESULTS


STDYX Standardization

                                                    Two-Tailed
                    Estimate       S.E.  Est./S.E.    P-Value

 FRAND    BY
    Y1                 0.401      0.010     40.854      0.000
    Y2                 0.388      0.010     39.434      0.000
    Y3                 0.391      0.010     39.459      0.000
    Y4                 0.395      0.010     40.709      0.000
    Y5                 0.390      0.010     39.768      0.000
    Y6                 0.381      0.010     39.159      0.000
    Y7                 0.399      0.010     41.057      0.000
    Y8                 0.393      0.010     40.630      0.000
    Y9                 0.390      0.010     39.969      0.000
    Y10                0.392      0.010     40.873      0.000
    Y11                0.396      0.010     40.422      0.000
    Y12                0.395      0.010     39.533      0.000

 F1       BY
    Y1                 0.569      0.020     28.897      0.000
    Y2                -0.605      0.019    -32.261      0.000
    Y3                 0.597      0.019     31.063      0.000
    Y4                -0.588      0.018    -32.021      0.000
    Y5                 0.600      0.019     32.220      0.000
    Y6                -0.623      0.018    -33.883      0.000

 F2       BY
    Y7                 0.575      0.019     30.818      0.000
    Y8                -0.593      0.019    -31.550      0.000
    Y9                 0.601      0.019     32.414      0.000
    Y10               -0.594      0.018    -32.708      0.000
    Y11                0.583      0.019     30.180      0.000
    Y12               -0.587      0.019    -30.353      0.000

 FRAND    WITH
    F1                 0.000      0.000    999.000    999.000
    F2                 0.000      0.000    999.000    999.000

 F2       WITH
    F1                 0.192      0.028      6.948      0.000

 Thresholds
    Y1$1              -1.502      0.045    -33.616      0.000
    Y1$2              -0.523      0.028    -18.397      0.000
    Y1$3               0.471      0.028     16.699      0.000
    Y1$4               1.449      0.043     33.509      0.000
    Y2$1              -1.486      0.044    -33.728      0.000
    Y2$2              -0.466      0.028    -16.539      0.000
    Y2$3               0.518      0.028     18.208      0.000
    Y2$4               1.547      0.046     33.767      0.000
    Y3$1              -1.503      0.045    -33.759      0.000
    Y3$2              -0.508      0.028    -17.878      0.000
    Y3$3               0.460      0.028     16.344      0.000
    Y3$4               1.440      0.043     33.862      0.000
    Y4$1              -1.544      0.046    -33.772      0.000
    Y4$2              -0.504      0.028    -17.869      0.000
    Y4$3               0.514      0.028     18.072      0.000
    Y4$4               1.548      0.045     34.042      0.000
    Y5$1              -1.532      0.045    -33.826      0.000
    Y5$2              -0.491      0.028    -17.332      0.000
    Y5$3               0.499      0.028     17.611      0.000
    Y5$4               1.500      0.044     33.743      0.000
    Y6$1              -1.401      0.041    -33.882      0.000
    Y6$2              -0.477      0.028    -16.916      0.000
    Y6$3               0.502      0.028     17.692      0.000
    Y6$4               1.445      0.043     33.867      0.000
    Y7$1              -1.506      0.044    -34.093      0.000
    Y7$2              -0.475      0.028    -16.865      0.000
    Y7$3               0.492      0.028     17.376      0.000
    Y7$4               1.427      0.042     34.033      0.000
    Y8$1              -1.485      0.044    -33.794      0.000
    Y8$2              -0.467      0.028    -16.644      0.000
    Y8$3               0.454      0.028     16.273      0.000
    Y8$4               1.425      0.042     33.919      0.000
    Y9$1              -1.565      0.046    -33.997      0.000
    Y9$2              -0.518      0.029    -18.137      0.000
    Y9$3               0.475      0.028     16.857      0.000
    Y9$4               1.449      0.043     33.818      0.000
    Y10$1             -1.512      0.045    -33.522      0.000
    Y10$2             -0.486      0.028    -17.248      0.000
    Y10$3              0.483      0.028     17.232      0.000
    Y10$4              1.451      0.043     33.911      0.000
    Y11$1             -1.455      0.043    -34.009      0.000
    Y11$2             -0.497      0.028    -17.554      0.000
    Y11$3              0.434      0.028     15.473      0.000
    Y11$4              1.451      0.043     33.832      0.000
    Y12$1             -1.486      0.044    -33.749      0.000
    Y12$2             -0.470      0.028    -16.730      0.000
    Y12$3              0.483      0.028     17.172      0.000
    Y12$4              1.492      0.044     33.646      0.000

 Variances
    FRAND              1.000      0.000    999.000    999.000
    F1                 1.000      0.000    999.000    999.000
    F2                 1.000      0.000    999.000    999.000


R-SQUARE

    Observed                                        Two-Tailed
    Variable        Estimate       S.E.  Est./S.E.    P-Value

    Y1                 0.484      0.018     27.441      0.000
    Y2                 0.517      0.018     28.974      0.000
    Y3                 0.510      0.018     28.227      0.000
    Y4                 0.501      0.017     29.535      0.000
    Y5                 0.512      0.018     29.206      0.000
    Y6                 0.534      0.018     29.445      0.000
    Y7                 0.489      0.017     29.088      0.000
    Y8                 0.506      0.018     28.637      0.000
    Y9                 0.513      0.018     29.227      0.000
    Y10                0.507      0.017     29.730      0.000
    Y11                0.497      0.018     27.960      0.000
    Y12                0.501      0.018     28.209      0.000


QUALITY OF NUMERICAL RESULTS

     Condition Number for the Information Matrix              0.151E-01
       (ratio of smallest to largest eigenvalue)


SAMPLE STATISTICS FOR ESTIMATED FACTOR SCORES


     SAMPLE STATISTICS


           Means
              FRAND         FRAND_SE      F1            F1_SE         F2
              ________      ________      ________      ________      ________
 1              0.000         0.489         0.000         0.454         0.000


           Means
              F2_SE
              ________
 1              0.460


           Covariances
              FRAND         FRAND_SE      F1            F1_SE         F2
              ________      ________      ________      ________      ________
 FRAND          0.787
 FRAND_SE       0.000         0.000
 F1             0.004         0.000         0.794
 F1_SE          0.001         0.000         0.000         0.001
 F2             0.015         0.000         0.184         0.000         0.788
 F2_SE          0.000         0.000        -0.001         0.000         0.000


           Covariances
              F2_SE
              ________
 F2_SE          0.001


           Correlations
              FRAND         FRAND_SE      F1            F1_SE         F2
              ________      ________      ________      ________      ________
 FRAND          1.000
 FRAND_SE       0.024         1.000
 F1             0.005        -0.006         1.000
 F1_SE          0.026         0.708         0.020         1.000
 F2             0.020         0.022         0.232         0.023         1.000
 F2_SE          0.009         0.715        -0.025         0.027         0.011


           Correlations
              F2_SE
              ________
 F2_SE          1.000


PLOT INFORMATION

The following plots are available:

  Histograms of sample values
  Scatterplots (sample values, estimated factor scores)
  Sample proportions and estimated probabilities
  Item characteristic curves
  Information curves
  Latent variable distribution plots

DIAGRAM INFORMATION

  Use View Diagram under the Diagram menu in the Mplus Editor to view the diagram.
  If running Mplus from the Mplus Diagrammer, the diagram opens automatically.

  Diagram output
    c:\users\leona\onedrive\cbpad_curso_aquiescencia\mplus\irt_interceptorand_2ft.dgm

     Beginning Time:  01:02:39
        Ending Time:  01:04:49
       Elapsed Time:  00:02:10



MUTHEN & MUTHEN
3463 Stoner Ave.
Los Angeles, CA  90066

Tel: (310) 391-9971
Fax: (310) 391-8971
Web: www.StatModel.com
Support: Support@StatModel.com

Copyright (c) 1998-2013 Muthen & Muthen
